<?xml version="1.0" encoding="UTF-8"?>
<coverage generated="1731850569503" clover="3.2.0">
  <project timestamp="1731850569503" name="All files">
    <metrics statements="38" coveredstatements="37" conditionals="4" coveredconditionals="3" methods="7" coveredmethods="7" elements="49" coveredelements="47" complexity="0" loc="38" ncloc="38" packages="4" files="5" classes="5"/>
    <package name="components.CourseCard">
      <metrics statements="3" coveredstatements="3" conditionals="0" coveredconditionals="0" methods="1" coveredmethods="1"/>
      <file name="CourseCard.tsx" path="C:\Users\kwonz\source\repos\fullstack23\FullstackLearning\FrontEndLearning\routing-contextapi-practice\src\components\CourseCard\CourseCard.tsx">
        <metrics statements="3" coveredstatements="3" conditionals="0" coveredconditionals="0" methods="1" coveredmethods="1"/>
        <line num="3" count="1" type="stmt"/>
        <line num="4" count="1" type="stmt"/>
        <line num="12" count="1" type="stmt"/>
      </file>
    </package>
    <package name="components.ProtectedRoute">
      <metrics statements="8" coveredstatements="8" conditionals="1" coveredconditionals="1" methods="1" coveredmethods="1"/>
      <file name="ProtectedRoute.tsx" path="C:\Users\kwonz\source\repos\fullstack23\FullstackLearning\FrontEndLearning\routing-contextapi-practice\src\components\ProtectedRoute\ProtectedRoute.tsx">
        <metrics statements="8" coveredstatements="8" conditionals="1" coveredconditionals="1" methods="1" coveredmethods="1"/>
        <line num="1" count="1" type="stmt"/>
        <line num="2" count="1" type="stmt"/>
        <line num="8" count="1" type="stmt"/>
        <line num="9" count="2" type="stmt"/>
        <line num="11" count="2" type="cond" truecount="1" falsecount="0"/>
        <line num="12" count="1" type="stmt"/>
        <line num="14" count="1" type="stmt"/>
        <line num="16" count="1" type="stmt"/>
      </file>
    </package>
    <package name="hooks">
      <metrics statements="19" coveredstatements="18" conditionals="3" coveredconditionals="2" methods="3" coveredmethods="3"/>
      <file name="useCourses.ts" path="C:\Users\kwonz\source\repos\fullstack23\FullstackLearning\FrontEndLearning\routing-contextapi-practice\src\hooks\useCourses.ts">
        <metrics statements="19" coveredstatements="18" conditionals="3" coveredconditionals="2" methods="3" coveredmethods="3"/>
        <line num="1" count="1" type="stmt"/>
        <line num="4" count="1" type="stmt"/>
        <line num="5" count="6" type="stmt"/>
        <line num="6" count="6" type="stmt"/>
        <line num="7" count="6" type="stmt"/>
        <line num="9" count="6" type="stmt"/>
        <line num="10" count="3" type="stmt"/>
        <line num="11" count="3" type="stmt"/>
        <line num="12" count="3" type="stmt"/>
        <line num="13" count="2" type="cond" truecount="1" falsecount="0"/>
        <line num="14" count="1" type="stmt"/>
        <line num="16" count="1" type="stmt"/>
        <line num="17" count="1" type="stmt"/>
        <line num="19" count="2" type="cond" truecount="1" falsecount="1"/>
        <line num="20" count="2" type="stmt"/>
        <line num="22" count="0" type="stmt"/>
        <line num="25" count="3" type="stmt"/>
        <line num="28" count="3" type="stmt"/>
        <line num="30" count="6" type="stmt"/>
      </file>
    </package>
    <package name="pages">
      <metrics statements="8" coveredstatements="8" conditionals="0" coveredconditionals="0" methods="2" coveredmethods="2"/>
      <file name="CourseDetailsPage.tsx" path="C:\Users\kwonz\source\repos\fullstack23\FullstackLearning\FrontEndLearning\routing-contextapi-practice\src\pages\CourseDetailsPage.tsx">
        <metrics statements="5" coveredstatements="5" conditionals="0" coveredconditionals="0" methods="1" coveredmethods="1"/>
        <line num="1" count="1" type="stmt"/>
        <line num="3" count="1" type="stmt"/>
        <line num="4" count="1" type="stmt"/>
        <line num="5" count="1" type="stmt"/>
        <line num="7" count="1" type="stmt"/>
      </file>
      <file name="HomePage.tsx" path="C:\Users\kwonz\source\repos\fullstack23\FullstackLearning\FrontEndLearning\routing-contextapi-practice\src\pages\HomePage.tsx">
        <metrics statements="3" coveredstatements="3" conditionals="0" coveredconditionals="0" methods="1" coveredmethods="1"/>
        <line num="1" count="1" type="stmt"/>
        <line num="2" count="1" type="stmt"/>
        <line num="9" count="1" type="stmt"/>
      </file>
    </package>
  </project>
</coverage>
