TN:
SF:src\components\CourseCard\CourseCard.tsx
FN:3,(anonymous_0)
FNF:1
FNH:1
FNDA:1,(anonymous_0)
DA:3,1
DA:4,1
DA:12,1
LF:3
LH:3
BRF:0
BRH:0
end_of_record
TN:
SF:src\components\ProtectedRoute\ProtectedRoute.tsx
FN:8,(anonymous_0)
FNF:1
FNH:1
FNDA:2,(anonymous_0)
DA:1,1
DA:2,1
DA:8,1
DA:9,2
DA:11,2
DA:12,1
DA:14,1
DA:16,1
LF:8
LH:8
BRDA:11,0,0,1
BRF:1
BRH:1
end_of_record
TN:
SF:src\hooks\useCourses.ts
FN:4,(anonymous_0)
FN:9,(anonymous_1)
FN:10,(anonymous_2)
FNF:3
FNH:3
FNDA:6,(anonymous_0)
FNDA:3,(anonymous_1)
FNDA:3,(anonymous_2)
DA:1,1
DA:4,1
DA:5,6
DA:6,6
DA:7,6
DA:9,6
DA:10,3
DA:11,3
DA:12,3
DA:13,2
DA:14,1
DA:16,1
DA:17,1
DA:19,2
DA:20,2
DA:22,0
DA:25,3
DA:28,3
DA:30,6
LF:19
LH:18
BRDA:13,0,0,1
BRDA:19,1,0,2
BRDA:19,1,1,0
BRF:3
BRH:2
end_of_record
TN:
SF:src\pages\CourseDetailsPage.tsx
FN:3,(anonymous_0)
FNF:1
FNH:1
FNDA:1,(anonymous_0)
DA:1,1
DA:3,1
DA:4,1
DA:5,1
DA:7,1
LF:5
LH:5
BRF:0
BRH:0
end_of_record
TN:
SF:src\pages\HomePage.tsx
FN:1,(anonymous_0)
FNF:1
FNH:1
FNDA:1,(anonymous_0)
DA:1,1
DA:2,1
DA:9,1
LF:3
LH:3
BRF:0
BRH:0
end_of_record
